Determining if the pthread_create exist failed with the following output:
Change Dir: /home/ubuntu/framework/SMART/SMART/build/CMakeFiles/CMakeTmp

Run Build Command:/usr/bin/make "cmTryCompileExec399712133/fast"
/usr/bin/make -f CMakeFiles/cmTryCompileExec399712133.dir/build.make CMakeFiles/cmTryCompileExec399712133.dir/build
make[1]: Entering directory `/home/ubuntu/framework/SMART/SMART/build/CMakeFiles/CMakeTmp'
/usr/bin/cmake -E cmake_progress_report /home/ubuntu/framework/SMART/SMART/build/CMakeFiles/CMakeTmp/CMakeFiles 1
Building C object CMakeFiles/cmTryCompileExec399712133.dir/CheckSymbolExists.c.o
/usr/bin/cc    -o CMakeFiles/cmTryCompileExec399712133.dir/CheckSymbolExists.c.o   -c /home/ubuntu/framework/SMART/SMART/build/CMakeFiles/CMakeTmp/CheckSymbolExists.c
Linking C executable cmTryCompileExec399712133
/usr/bin/cmake -E cmake_link_script CMakeFiles/cmTryCompileExec399712133.dir/link.txt --verbose=1
/usr/bin/cc       CMakeFiles/cmTryCompileExec399712133.dir/CheckSymbolExists.c.o  -o cmTryCompileExec399712133 -rdynamic 
CMakeFiles/cmTryCompileExec399712133.dir/CheckSymbolExists.c.o: In function `main':
CheckSymbolExists.c:(.text+0x16): undefined reference to `pthread_create'
make[1]: Leaving directory `/home/ubuntu/framework/SMART/SMART/build/CMakeFiles/CMakeTmp'
collect2: error: ld returned 1 exit status
make[1]: *** [cmTryCompileExec399712133] Error 1
make: *** [cmTryCompileExec399712133/fast] Error 2

File /home/ubuntu/framework/SMART/SMART/build/CMakeFiles/CMakeTmp/CheckSymbolExists.c:
/* */
#include <pthread.h>

int main(int argc, char** argv)
{
  (void)argv;
#ifndef pthread_create
  return ((int*)(&pthread_create))[argc];
#else
  (void)argc;
  return 0;
#endif
}

Determining if the function pthread_create exists in the pthreads failed with the following output:
Change Dir: /home/ubuntu/framework/SMART/SMART/build/CMakeFiles/CMakeTmp

Run Build Command:/usr/bin/make "cmTryCompileExec3767773737/fast"
/usr/bin/make -f CMakeFiles/cmTryCompileExec3767773737.dir/build.make CMakeFiles/cmTryCompileExec3767773737.dir/build
make[1]: Entering directory `/home/ubuntu/framework/SMART/SMART/build/CMakeFiles/CMakeTmp'
/usr/bin/cmake -E cmake_progress_report /home/ubuntu/framework/SMART/SMART/build/CMakeFiles/CMakeTmp/CMakeFiles 1
Building C object CMakeFiles/cmTryCompileExec3767773737.dir/CheckFunctionExists.c.o
/usr/bin/cc   -DCHECK_FUNCTION_EXISTS=pthread_create   -o CMakeFiles/cmTryCompileExec3767773737.dir/CheckFunctionExists.c.o   -c /usr/share/cmake-2.8/Modules/CheckFunctionExists.c
Linking C executable cmTryCompileExec3767773737
/usr/bin/cmake -E cmake_link_script CMakeFiles/cmTryCompileExec3767773737.dir/link.txt --verbose=1
/usr/bin/cc   -DCHECK_FUNCTION_EXISTS=pthread_create    CMakeFiles/cmTryCompileExec3767773737.dir/CheckFunctionExists.c.o  -o cmTryCompileExec3767773737 -rdynamic -lpthreads 
/usr/bin/ld: cannot find -lpthreads
make[1]: Leaving directory `/home/ubuntu/framework/SMART/SMART/build/CMakeFiles/CMakeTmp'
collect2: error: ld returned 1 exit status
make[1]: *** [cmTryCompileExec3767773737] Error 1
make: *** [cmTryCompileExec3767773737/fast] Error 2


